This file contains any messages produced by compilers while
running configure, to aid debugging if configure makes a mistake.

It was created by RtMidi configure 2.0, which was
generated by GNU Autoconf 2.61.  Invocation command line was

  $ ./configure 

## --------- ##
## Platform. ##
## --------- ##

hostname = Thijs-Koerselmans-Macbook-Pro.local
uname -m = x86_64
uname -r = 12.2.0
uname -s = Darwin
uname -v = Darwin Kernel Version 12.2.0: Sat Aug 25 00:48:52 PDT 2012; root:xnu-2050.18.24~1/RELEASE_X86_64

/usr/bin/uname -p = i386
/bin/uname -X     = unknown

/bin/arch              = unknown
/usr/bin/arch -k       = unknown
/usr/convex/getsysinfo = unknown
/usr/bin/hostinfo      = Mach kernel version:
	 Darwin Kernel Version 12.2.0: Sat Aug 25 00:48:52 PDT 2012; root:xnu-2050.18.24~1/RELEASE_X86_64
Kernel configured for up to 2 processors.
2 processors are physically available.
2 processors are logically available.
Processor type: i486 (Intel 80486)
Processors active: 0 1
Primary memory available: 8.00 gigabytes
Default processor set: 138 tasks, 669 threads, 2 processors
Load average: 2.27, Mach factor: 0.72
/bin/machine           = unknown
/usr/bin/oslevel       = unknown
/bin/universe          = unknown

PATH: /opt/local/bin
PATH: /opt/local/sbin
PATH: /opt/apache-ant-1.7.1/bin
PATH: /usr/local/bin
PATH: /usr/local/sbin
PATH: /usr/local/apache-maven-2.1.0/bin
PATH: /usr/bin
PATH: /bin
PATH: /usr/sbin
PATH: /sbin
PATH: /usr/local/bin
PATH: /opt/X11/bin


## ----------- ##
## Core tests. ##
## ----------- ##

configure:1827: checking for g++
configure:1843: found /usr/bin/g++
configure:1854: result: g++
configure:1885: checking for C++ compiler version
configure:1892: g++ --version >&5
i686-apple-darwin11-llvm-g++-4.2 (GCC) 4.2.1 (Based on Apple Inc. build 5658) (LLVM build 2336.11.00)
Copyright (C) 2007 Free Software Foundation, Inc.
This is free software; see the source for copying conditions.  There is NO
warranty; not even for MERCHANTABILITY or FITNESS FOR A PARTICULAR PURPOSE.

configure:1895: $? = 0
configure:1902: g++ -v >&5
Using built-in specs.
Target: i686-apple-darwin11
Configured with: /private/var/tmp/llvmgcc42/llvmgcc42-2336.11~28/src/configure --disable-checking --enable-werror --prefix=/Applications/Xcode.app/Contents/Developer/usr/llvm-gcc-4.2 --mandir=/share/man --enable-languages=c,objc,c++,obj-c++ --program-prefix=llvm- --program-transform-name=/^[cg][^.-]*$/s/$/-4.2/ --with-slibdir=/usr/lib --build=i686-apple-darwin11 --enable-llvm=/private/var/tmp/llvmgcc42/llvmgcc42-2336.11~28/dst-llvmCore/Developer/usr/local --program-prefix=i686-apple-darwin11- --host=x86_64-apple-darwin11 --target=i686-apple-darwin11 --with-gxx-include-dir=/usr/include/c++/4.2.1
Thread model: posix
gcc version 4.2.1 (Based on Apple Inc. build 5658) (LLVM build 2336.11.00)
configure:1905: $? = 0
configure:1912: g++ -V >&5
llvm-g++-4.2: argument to `-V' is missing
configure:1915: $? = 1
configure:1938: checking for C++ compiler default output file name
configure:1965: g++ -arch i386  -arch i386 conftest.cpp  >&5
configure:1968: $? = 0
configure:2006: result: a.out
configure:2023: checking whether the C++ compiler works
configure:2033: ./a.out
configure:2036: $? = 0
configure:2053: result: yes
configure:2060: checking whether we are cross compiling
configure:2062: result: no
configure:2065: checking for suffix of executables
configure:2072: g++ -o conftest -arch i386  -arch i386 conftest.cpp  >&5
configure:2075: $? = 0
configure:2099: result: 
configure:2105: checking for suffix of object files
configure:2131: g++ -c -arch i386  conftest.cpp >&5
configure:2134: $? = 0
configure:2157: result: o
configure:2161: checking whether we are using the GNU C++ compiler
configure:2190: g++ -c -arch i386  conftest.cpp >&5
configure:2196: $? = 0
configure:2213: result: yes
configure:2218: checking whether g++ accepts -g
configure:2248: g++ -c -g  conftest.cpp >&5
configure:2254: $? = 0
configure:2353: result: yes
configure:2419: checking for ranlib
configure:2435: found /usr/bin/ranlib
configure:2446: result: ranlib
configure:2474: checking for ar
configure:2492: found /usr/bin/ar
configure:2505: result: /usr/bin/ar
configure:2568: checking for gcc
configure:2584: found /usr/bin/gcc
configure:2595: result: gcc
configure:2833: checking for C compiler version
configure:2840: gcc --version >&5
i686-apple-darwin11-llvm-gcc-4.2 (GCC) 4.2.1 (Based on Apple Inc. build 5658) (LLVM build 2336.11.00)
Copyright (C) 2007 Free Software Foundation, Inc.
This is free software; see the source for copying conditions.  There is NO
warranty; not even for MERCHANTABILITY or FITNESS FOR A PARTICULAR PURPOSE.

configure:2843: $? = 0
configure:2850: gcc -v >&5
Using built-in specs.
Target: i686-apple-darwin11
Configured with: /private/var/tmp/llvmgcc42/llvmgcc42-2336.11~28/src/configure --disable-checking --enable-werror --prefix=/Applications/Xcode.app/Contents/Developer/usr/llvm-gcc-4.2 --mandir=/share/man --enable-languages=c,objc,c++,obj-c++ --program-prefix=llvm- --program-transform-name=/^[cg][^.-]*$/s/$/-4.2/ --with-slibdir=/usr/lib --build=i686-apple-darwin11 --enable-llvm=/private/var/tmp/llvmgcc42/llvmgcc42-2336.11~28/dst-llvmCore/Developer/usr/local --program-prefix=i686-apple-darwin11- --host=x86_64-apple-darwin11 --target=i686-apple-darwin11 --with-gxx-include-dir=/usr/include/c++/4.2.1
Thread model: posix
gcc version 4.2.1 (Based on Apple Inc. build 5658) (LLVM build 2336.11.00)
configure:2853: $? = 0
configure:2860: gcc -V >&5
llvm-gcc-4.2: argument to `-V' is missing
configure:2863: $? = 1
configure:2866: checking whether we are using the GNU C compiler
configure:2895: gcc -c   conftest.c >&5
configure:2901: $? = 0
configure:2918: result: yes
configure:2923: checking whether gcc accepts -g
configure:2953: gcc -c -g  conftest.c >&5
configure:2959: $? = 0
configure:3058: result: yes
configure:3075: checking for gcc option to accept ISO C89
configure:3149: gcc  -c -g -O2  conftest.c >&5
configure:3155: $? = 0
configure:3178: result: none needed
configure:3202: checking how to run the C preprocessor
configure:3242: gcc -E  conftest.c
configure:3248: $? = 0
configure:3279: gcc -E  conftest.c
conftest.c:8:28: error: ac_nonexistent.h: No such file or directory
configure:3285: $? = 1
configure: failed program was:
| /* confdefs.h.  */
| #define PACKAGE_NAME "RtMidi"
| #define PACKAGE_TARNAME "rtmidi"
| #define PACKAGE_VERSION "2.0"
| #define PACKAGE_STRING "RtMidi 2.0"
| #define PACKAGE_BUGREPORT "gary@music.mcgill.ca"
| /* end confdefs.h.  */
| #include <ac_nonexistent.h>
configure:3318: result: gcc -E
configure:3347: gcc -E  conftest.c
configure:3353: $? = 0
configure:3384: gcc -E  conftest.c
conftest.c:8:28: error: ac_nonexistent.h: No such file or directory
configure:3390: $? = 1
configure: failed program was:
| /* confdefs.h.  */
| #define PACKAGE_NAME "RtMidi"
| #define PACKAGE_TARNAME "rtmidi"
| #define PACKAGE_VERSION "2.0"
| #define PACKAGE_STRING "RtMidi 2.0"
| #define PACKAGE_BUGREPORT "gary@music.mcgill.ca"
| /* end confdefs.h.  */
| #include <ac_nonexistent.h>
configure:3428: checking for grep that handles long lines and -e
configure:3502: result: /usr/bin/grep
configure:3507: checking for egrep
configure:3585: result: /usr/bin/grep -E
configure:3590: checking for ANSI C header files
configure:3620: gcc -c -g -O2  conftest.c >&5
configure:3626: $? = 0
configure:3725: gcc -o conftest -g -O2  -arch i386 conftest.c  >&5
configure:3728: $? = 0
configure:3734: ./conftest
configure:3737: $? = 0
configure:3754: result: yes
configure:3767: checking whether to compile debug version
configure:3780: result: no
configure:3807: checking build system type
configure:3825: result: i386-apple-darwin12.2.0
configure:3847: checking host system type
configure:3862: result: i386-apple-darwin12.2.0
configure:3903: checking for MIDI API
configure:4339: checking for sys/types.h
configure:4360: gcc -c -g -O2   conftest.c >&5
configure:4366: $? = 0
configure:4382: result: yes
configure:4339: checking for sys/stat.h
configure:4360: gcc -c -g -O2   conftest.c >&5
configure:4366: $? = 0
configure:4382: result: yes
configure:4339: checking for stdlib.h
configure:4360: gcc -c -g -O2   conftest.c >&5
configure:4366: $? = 0
configure:4382: result: yes
configure:4339: checking for string.h
configure:4360: gcc -c -g -O2   conftest.c >&5
configure:4366: $? = 0
configure:4382: result: yes
configure:4339: checking for memory.h
configure:4360: gcc -c -g -O2   conftest.c >&5
configure:4366: $? = 0
configure:4382: result: yes
configure:4339: checking for strings.h
configure:4360: gcc -c -g -O2   conftest.c >&5
configure:4366: $? = 0
configure:4382: result: yes
configure:4339: checking for inttypes.h
configure:4360: gcc -c -g -O2   conftest.c >&5
configure:4366: $? = 0
configure:4382: result: yes
configure:4339: checking for stdint.h
configure:4360: gcc -c -g -O2   conftest.c >&5
configure:4366: $? = 0
configure:4382: result: yes
configure:4339: checking for unistd.h
configure:4360: gcc -c -g -O2   conftest.c >&5
configure:4366: $? = 0
configure:4382: result: yes
configure:4548: result: using CoreMidi
configure:4560: checking CoreMIDI/CoreMIDI.h usability
configure:4577: gcc -c -g -O2   conftest.c >&5
configure:4583: $? = 0
configure:4597: result: yes
configure:4601: checking CoreMIDI/CoreMIDI.h presence
configure:4616: gcc -E   conftest.c
configure:4622: $? = 0
configure:4636: result: yes
configure:4669: checking for CoreMIDI/CoreMIDI.h
configure:4676: result: yes
configure:4875: creating ./config.status

## ---------------------- ##
## Running config.status. ##
## ---------------------- ##

This file was extended by RtMidi config.status 2.0, which was
generated by GNU Autoconf 2.61.  Invocation command line was

  CONFIG_FILES    = 
  CONFIG_HEADERS  = 
  CONFIG_LINKS    = 
  CONFIG_COMMANDS = 
  $ ./config.status 

on Thijs-Koerselmans-Macbook-Pro.local

config.status:597: creating rtmidi-config
config.status:597: creating Makefile
config.status:597: creating tests/Makefile

## ---------------- ##
## Cache variables. ##
## ---------------- ##

ac_cv_build=i386-apple-darwin12.2.0
ac_cv_c_compiler_gnu=yes
ac_cv_cxx_compiler_gnu=yes
ac_cv_env_CCC_set=
ac_cv_env_CCC_value=
ac_cv_env_CC_set=
ac_cv_env_CC_value=
ac_cv_env_CFLAGS_set=
ac_cv_env_CFLAGS_value=
ac_cv_env_CPPFLAGS_set=
ac_cv_env_CPPFLAGS_value=
ac_cv_env_CPP_set=
ac_cv_env_CPP_value=
ac_cv_env_CXXFLAGS_set=set
ac_cv_env_CXXFLAGS_value='-arch i386'
ac_cv_env_CXX_set=
ac_cv_env_CXX_value=
ac_cv_env_LDFLAGS_set=set
ac_cv_env_LDFLAGS_value='-arch i386'
ac_cv_env_LIBS_set=
ac_cv_env_LIBS_value=
ac_cv_env_build_alias_set=
ac_cv_env_build_alias_value=
ac_cv_env_host_alias_set=
ac_cv_env_host_alias_value=
ac_cv_env_target_alias_set=
ac_cv_env_target_alias_value=
ac_cv_header_CoreMIDI_CoreMIDI_h=yes
ac_cv_header_inttypes_h=yes
ac_cv_header_memory_h=yes
ac_cv_header_stdc=yes
ac_cv_header_stdint_h=yes
ac_cv_header_stdlib_h=yes
ac_cv_header_string_h=yes
ac_cv_header_strings_h=yes
ac_cv_header_sys_stat_h=yes
ac_cv_header_sys_types_h=yes
ac_cv_header_unistd_h=yes
ac_cv_host=i386-apple-darwin12.2.0
ac_cv_objext=o
ac_cv_path_AR=/usr/bin/ar
ac_cv_path_EGREP='/usr/bin/grep -E'
ac_cv_path_GREP=/usr/bin/grep
ac_cv_prog_CPP='gcc -E'
ac_cv_prog_ac_ct_CC=gcc
ac_cv_prog_ac_ct_CXX=g++
ac_cv_prog_ac_ct_RANLIB=ranlib
ac_cv_prog_cc_c89=
ac_cv_prog_cc_g=yes
ac_cv_prog_cxx_g=yes

## ----------------- ##
## Output variables. ##
## ----------------- ##

AR='/usr/bin/ar'
CC='gcc'
CFLAGS='-g -O2'
CPP='gcc -E'
CPPFLAGS='  -D__MACOSX_CORE__'
CXX='g++'
CXXFLAGS='-O3 -Wall'
DEFS='-DPACKAGE_NAME=\"RtMidi\" -DPACKAGE_TARNAME=\"rtmidi\" -DPACKAGE_VERSION=\"2.0\" -DPACKAGE_STRING=\"RtMidi\ 2.0\" -DPACKAGE_BUGREPORT=\"gary@music.mcgill.ca\" -DSTDC_HEADERS=1 -DHAVE_SYS_TYPES_H=1 -DHAVE_SYS_STAT_H=1 -DHAVE_STDLIB_H=1 -DHAVE_STRING_H=1 -DHAVE_MEMORY_H=1 -DHAVE_STRINGS_H=1 -DHAVE_INTTYPES_H=1 -DHAVE_STDINT_H=1 -DHAVE_UNISTD_H=1'
ECHO_C='ECHO_N=''
ECHO_T=''
EGREP='/usr/bin/grep -E'
EXEEXT=''
GREP='/usr/bin/grep'
GXX='yes'
LDFLAGS='-arch i386'
LIBOBJS=''
LIBS='-framework CoreMIDI -framework CoreFoundation -framework CoreAudio'
LTLIBOBJS=''
OBJEXT='o'
PACKAGE_BUGREPORT='gary@music.mcgill.ca'
PACKAGE_NAME='RtMidi'
PACKAGE_STRING='RtMidi 2.0'
PACKAGE_TARNAME='rtmidi'
PACKAGE_VERSION='2.0'
PATH_SEPARATOR=':'
RANLIB='ranlib'
SHELL='/bin/sh'
ac_ct_CC='gcc'
ac_ct_CXX='g++'
api='-D__MACOSX_CORE__'
bindir='${exec_prefix}/bin'
build='i386-apple-darwin12.2.0'
build_alias=''
build_cpu='i386'
build_os='darwin12.2.0'
build_vendor='apple'
cppflag=''
cxxflag='-Wall'
datadir='${datarootdir}'
datarootdir='${prefix}/share'
docdir='${datarootdir}/doc/${PACKAGE_TARNAME}'
dvidir='${docdir}'
exec_prefix='${prefix}'
host='i386-apple-darwin12.2.0'
host_alias=''
host_cpu='i386'
host_os='darwin12.2.0'
host_vendor='apple'
htmldir='${docdir}'
includedir='${prefix}/include'
infodir='${datarootdir}/info'
libdir='${exec_prefix}/lib'
libexecdir='${exec_prefix}/libexec'
libflags='-dynamiclib -o librtmidi.$(RELEASE).dylib'
localedir='${datarootdir}/locale'
localstatedir='${prefix}/var'
mandir='${datarootdir}/man'
object_path='Release'
oldincludedir='/usr/include'
pdfdir='${docdir}'
prefix='/usr/local'
program_transform_name='s,x,x,'
psdir='${docdir}'
sbindir='${exec_prefix}/sbin'
sharedlib='librtmidi.dylib'
sharedname='librtmidi.$(RELEASE).dylib'
sharedstatedir='${prefix}/com'
sysconfdir='${prefix}/etc'
target_alias=''

## ----------- ##
## confdefs.h. ##
## ----------- ##

#define PACKAGE_NAME "RtMidi"
#define PACKAGE_TARNAME "rtmidi"
#define PACKAGE_VERSION "2.0"
#define PACKAGE_STRING "RtMidi 2.0"
#define PACKAGE_BUGREPORT "gary@music.mcgill.ca"
#define STDC_HEADERS 1
#define HAVE_SYS_TYPES_H 1
#define HAVE_SYS_STAT_H 1
#define HAVE_STDLIB_H 1
#define HAVE_STRING_H 1
#define HAVE_MEMORY_H 1
#define HAVE_STRINGS_H 1
#define HAVE_INTTYPES_H 1
#define HAVE_STDINT_H 1
#define HAVE_UNISTD_H 1

configure: exit 0
